This file contains any messages produced by compilers while
running configure, to aid debugging if configure makes a mistake.

It was created by rpy configure 0.1, which was
generated by GNU Autoconf 2.61.  Invocation command line was

  $ ./configure 

## --------- ##
## Platform. ##
## --------- ##

hostname = bigbox
uname -m = i686
uname -r = 2.6.23.9-85.fc8
uname -s = Linux
uname -v = #1 SMP Fri Dec 7 15:49:59 EST 2007

/usr/bin/uname -p = unknown
/bin/uname -X     = unknown

/bin/arch              = i686
/usr/bin/arch -k       = unknown
/usr/convex/getsysinfo = unknown
/usr/bin/hostinfo      = unknown
/bin/machine           = unknown
/usr/bin/oslevel       = unknown
/bin/universe          = unknown

PATH: /usr/lib/qt4/bin
PATH: /home/taf2/.local/bin
PATH: /usr/lib/qt-3.3/bin
PATH: /usr/kerberos/bin
PATH: /usr/lib/ccache
PATH: /usr/local/bin
PATH: /bin
PATH: /usr/bin


## ----------- ##
## Core tests. ##
## ----------- ##

configure:1781: checking for gcc
configure:1797: found /usr/lib/ccache/gcc
configure:1808: result: gcc
configure:2046: checking for C compiler version
configure:2053: gcc --version >&5
gcc (GCC) 4.1.2 20070925 (Red Hat 4.1.2-33)
Copyright (C) 2006 Free Software Foundation, Inc.
This is free software; see the source for copying conditions.  There is NO
warranty; not even for MERCHANTABILITY or FITNESS FOR A PARTICULAR PURPOSE.

configure:2056: $? = 0
configure:2063: gcc -v >&5
Using built-in specs.
Target: i386-redhat-linux
Configured with: ../configure --prefix=/usr --mandir=/usr/share/man --infodir=/usr/share/info --enable-shared --enable-threads=posix --enable-checking=release --with-system-zlib --enable-__cxa_atexit --disable-libunwind-exceptions --enable-languages=c,c++,objc,obj-c++,java,fortran,ada --enable-java-awt=gtk --disable-dssi --enable-plugin --with-java-home=/usr/lib/jvm/java-1.5.0-gcj-1.5.0.0/jre --enable-libgcj-multifile --enable-java-maintainer-mode --with-ecj-jar=/usr/share/java/eclipse-ecj.jar --with-cpu=generic --host=i386-redhat-linux
Thread model: posix
gcc version 4.1.2 20070925 (Red Hat 4.1.2-33)
configure:2066: $? = 0
configure:2073: gcc -V >&5
gcc: '-V' option must have argument
configure:2076: $? = 1
configure:2099: checking for C compiler default output file name
configure:2126: gcc    conftest.c  >&5
configure:2129: $? = 0
configure:2167: result: a.out
configure:2184: checking whether the C compiler works
configure:2194: ./a.out
configure:2197: $? = 0
configure:2214: result: yes
configure:2221: checking whether we are cross compiling
configure:2223: result: no
configure:2226: checking for suffix of executables
configure:2233: gcc -o conftest    conftest.c  >&5
configure:2236: $? = 0
configure:2260: result: 
configure:2266: checking for suffix of object files
configure:2292: gcc -c   conftest.c >&5
configure:2295: $? = 0
configure:2318: result: o
configure:2322: checking whether we are using the GNU C compiler
configure:2351: gcc -c   conftest.c >&5
configure:2357: $? = 0
configure:2374: result: yes
configure:2379: checking whether gcc accepts -g
configure:2409: gcc -c -g  conftest.c >&5
configure:2415: $? = 0
configure:2514: result: yes
configure:2531: checking for gcc option to accept ISO C89
configure:2605: gcc  -c -g -O2  conftest.c >&5
configure:2611: $? = 0
configure:2634: result: none needed
configure:2654: checking for gcc option to accept ISO C99
configure:2813: gcc  -c -g -O2  conftest.c >&5
conftest.c:58: error: expected ';', ',' or ')' before 'text'
conftest.c: In function 'main':
conftest.c:112: error: expected '=', ',', ';', 'asm' or '__attribute__' before 'newvar'
conftest.c:112: error: 'newvar' undeclared (first use in this function)
conftest.c:112: error: (Each undeclared identifier is reported only once
conftest.c:112: error: for each function it appears in.)
conftest.c:122: error: 'for' loop initial declaration used outside C99 mode
configure:2819: $? = 1
configure: failed program was:
| /* confdefs.h.  */
| #define PACKAGE_NAME "rpy"
| #define PACKAGE_TARNAME "rpy.0.1.tar.gz"
| #define PACKAGE_VERSION "0.1"
| #define PACKAGE_STRING "rpy 0.1"
| #define PACKAGE_BUGREPORT "todd.fisher@gmail.com"
| /* end confdefs.h.  */
| #include <stdarg.h>
| #include <stdbool.h>
| #include <stdlib.h>
| #include <wchar.h>
| #include <stdio.h>
| 
| // Check varargs macros.  These examples are taken from C99 6.10.3.5.
| #define debug(...) fprintf (stderr, __VA_ARGS__)
| #define showlist(...) puts (#__VA_ARGS__)
| #define report(test,...) ((test) ? puts (#test) : printf (__VA_ARGS__))
| static void
| test_varargs_macros (void)
| {
|   int x = 1234;
|   int y = 5678;
|   debug ("Flag");
|   debug ("X = %d\n", x);
|   showlist (The first, second, and third items.);
|   report (x>y, "x is %d but y is %d", x, y);
| }
| 
| // Check long long types.
| #define BIG64 18446744073709551615ull
| #define BIG32 4294967295ul
| #define BIG_OK (BIG64 / BIG32 == 4294967297ull && BIG64 % BIG32 == 0)
| #if !BIG_OK
|   your preprocessor is broken;
| #endif
| #if BIG_OK
| #else
|   your preprocessor is broken;
| #endif
| static long long int bignum = -9223372036854775807LL;
| static unsigned long long int ubignum = BIG64;
| 
| struct incomplete_array
| {
|   int datasize;
|   double data[];
| };
| 
| struct named_init {
|   int number;
|   const wchar_t *name;
|   double average;
| };
| 
| typedef const char *ccp;
| 
| static inline int
| test_restrict (ccp restrict text)
| {
|   // See if C++-style comments work.
|   // Iterate through items via the restricted pointer.
|   // Also check for declarations in for loops.
|   for (unsigned int i = 0; *(text+i) != '\0'; ++i)
|     continue;
|   return 0;
| }
| 
| // Check varargs and va_copy.
| static void
| test_varargs (const char *format, ...)
| {
|   va_list args;
|   va_start (args, format);
|   va_list args_copy;
|   va_copy (args_copy, args);
| 
|   const char *str;
|   int number;
|   float fnumber;
| 
|   while (*format)
|     {
|       switch (*format++)
| 	{
| 	case 's': // string
| 	  str = va_arg (args_copy, const char *);
| 	  break;
| 	case 'd': // int
| 	  number = va_arg (args_copy, int);
| 	  break;
| 	case 'f': // float
| 	  fnumber = va_arg (args_copy, double);
| 	  break;
| 	default:
| 	  break;
| 	}
|     }
|   va_end (args_copy);
|   va_end (args);
| }
| 
| int
| main ()
| {
| 
|   // Check bool.
|   _Bool success = false;
| 
|   // Check restrict.
|   if (test_restrict ("String literal") == 0)
|     success = true;
|   char *restrict newvar = "Another string";
| 
|   // Check varargs.
|   test_varargs ("s, d' f .", "string", 65, 34.234);
|   test_varargs_macros ();
| 
|   // Check flexible array members.
|   struct incomplete_array *ia =
|     malloc (sizeof (struct incomplete_array) + (sizeof (double) * 10));
|   ia->datasize = 10;
|   for (int i = 0; i < ia->datasize; ++i)
|     ia->data[i] = i * 1.234;
| 
|   // Check named initializers.
|   struct named_init ni = {
|     .number = 34,
|     .name = L"Test wide string",
|     .average = 543.34343,
|   };
| 
|   ni.number = 58;
| 
|   int dynamic_array[ni.number];
|   dynamic_array[ni.number - 1] = 543;
| 
|   // work around unused variable warnings
|   return (!success || bignum == 0LL || ubignum == 0uLL || newvar[0] == 'x'
| 	  || dynamic_array[ni.number - 1] != 543);
| 
|   ;
|   return 0;
| }
configure:2813: gcc -std=gnu99 -c -g -O2  conftest.c >&5
configure:2819: $? = 0
configure:2849: result: -std=gnu99
configure:2979: checking for gcc -std=gnu99 option to accept ISO Standard C
configure:2990: result: -std=gnu99
configure:2997: checking for ruby
configure:3015: found /usr/bin/ruby
configure:3027: result: /usr/bin/ruby
configure:3042: checking for python
configure:3060: found /usr/bin/python
configure:3072: result: /usr/bin/python
configure:3087: checking for python-config
configure:3105: found /usr/bin/python-config
configure:3117: result: /usr/bin/python-config
configure:3155: checking for snprintf
configure:3211: gcc -std=gnu99 -o conftest   -I/usr/include/python2.5 -I/usr/include/python2.5 -fno-strict-aliasing -DNDEBUG -O2 -g -pipe -Wall -Wp,-D_FORTIFY_SOURCE=2 -fexceptions -fstack-protector --param=ssp-buffer-size=4 -m32 -march=i386 -mtune=generic -fasynchronous-unwind-tables -D_GNU_SOURCE -fPIC  -lpthread -ldl -lutil -lm -lpython2.5 conftest.c  >&5
conftest.c:31: warning: conflicting types for built-in function 'snprintf'
configure:3217: $? = 0
configure:3235: result: yes
configure:3250: checking how to run the C preprocessor
configure:3290: gcc -std=gnu99 -E  -I/usr/include/python2.5 -I/usr/include/python2.5 -fno-strict-aliasing -DNDEBUG -O2 -g -pipe -Wall -Wp,-D_FORTIFY_SOURCE=2 -fexceptions -fstack-protector --param=ssp-buffer-size=4 -m32 -march=i386 -mtune=generic -fasynchronous-unwind-tables -D_GNU_SOURCE -fPIC conftest.c
configure:3296: $? = 0
configure:3327: gcc -std=gnu99 -E  -I/usr/include/python2.5 -I/usr/include/python2.5 -fno-strict-aliasing -DNDEBUG -O2 -g -pipe -Wall -Wp,-D_FORTIFY_SOURCE=2 -fexceptions -fstack-protector --param=ssp-buffer-size=4 -m32 -march=i386 -mtune=generic -fasynchronous-unwind-tables -D_GNU_SOURCE -fPIC conftest.c
conftest.c:9:28: error: ac_nonexistent.h: No such file or directory
configure:3333: $? = 1
configure: failed program was:
| /* confdefs.h.  */
| #define PACKAGE_NAME "rpy"
| #define PACKAGE_TARNAME "rpy.0.1.tar.gz"
| #define PACKAGE_VERSION "0.1"
| #define PACKAGE_STRING "rpy 0.1"
| #define PACKAGE_BUGREPORT "todd.fisher@gmail.com"
| #define HAVE_SNPRINTF 1
| /* end confdefs.h.  */
| #include <ac_nonexistent.h>
configure:3366: result: gcc -std=gnu99 -E
configure:3395: gcc -std=gnu99 -E  -I/usr/include/python2.5 -I/usr/include/python2.5 -fno-strict-aliasing -DNDEBUG -O2 -g -pipe -Wall -Wp,-D_FORTIFY_SOURCE=2 -fexceptions -fstack-protector --param=ssp-buffer-size=4 -m32 -march=i386 -mtune=generic -fasynchronous-unwind-tables -D_GNU_SOURCE -fPIC conftest.c
configure:3401: $? = 0
configure:3432: gcc -std=gnu99 -E  -I/usr/include/python2.5 -I/usr/include/python2.5 -fno-strict-aliasing -DNDEBUG -O2 -g -pipe -Wall -Wp,-D_FORTIFY_SOURCE=2 -fexceptions -fstack-protector --param=ssp-buffer-size=4 -m32 -march=i386 -mtune=generic -fasynchronous-unwind-tables -D_GNU_SOURCE -fPIC conftest.c
conftest.c:9:28: error: ac_nonexistent.h: No such file or directory
configure:3438: $? = 1
configure: failed program was:
| /* confdefs.h.  */
| #define PACKAGE_NAME "rpy"
| #define PACKAGE_TARNAME "rpy.0.1.tar.gz"
| #define PACKAGE_VERSION "0.1"
| #define PACKAGE_STRING "rpy 0.1"
| #define PACKAGE_BUGREPORT "todd.fisher@gmail.com"
| #define HAVE_SNPRINTF 1
| /* end confdefs.h.  */
| #include <ac_nonexistent.h>
configure:3476: checking for grep that handles long lines and -e
configure:3550: result: /bin/grep
configure:3555: checking for egrep
configure:3633: result: /bin/grep -E
configure:3638: checking for ANSI C header files
configure:3668: gcc -std=gnu99 -c   -I/usr/include/python2.5 -I/usr/include/python2.5 -fno-strict-aliasing -DNDEBUG -O2 -g -pipe -Wall -Wp,-D_FORTIFY_SOURCE=2 -fexceptions -fstack-protector --param=ssp-buffer-size=4 -m32 -march=i386 -mtune=generic -fasynchronous-unwind-tables -D_GNU_SOURCE -fPIC conftest.c >&5
configure:3674: $? = 0
configure:3773: gcc -std=gnu99 -o conftest   -I/usr/include/python2.5 -I/usr/include/python2.5 -fno-strict-aliasing -DNDEBUG -O2 -g -pipe -Wall -Wp,-D_FORTIFY_SOURCE=2 -fexceptions -fstack-protector --param=ssp-buffer-size=4 -m32 -march=i386 -mtune=generic -fasynchronous-unwind-tables -D_GNU_SOURCE -fPIC  -lpthread -ldl -lutil -lm -lpython2.5 conftest.c  >&5
configure:3776: $? = 0
configure:3782: ./conftest
configure:3785: $? = 0
configure:3802: result: yes
configure:3826: checking for sys/types.h
configure:3847: gcc -std=gnu99 -c   -I/usr/include/python2.5 -I/usr/include/python2.5 -fno-strict-aliasing -DNDEBUG -O2 -g -pipe -Wall -Wp,-D_FORTIFY_SOURCE=2 -fexceptions -fstack-protector --param=ssp-buffer-size=4 -m32 -march=i386 -mtune=generic -fasynchronous-unwind-tables -D_GNU_SOURCE -fPIC conftest.c >&5
configure:3853: $? = 0
configure:3869: result: yes
configure:3826: checking for sys/stat.h
configure:3847: gcc -std=gnu99 -c   -I/usr/include/python2.5 -I/usr/include/python2.5 -fno-strict-aliasing -DNDEBUG -O2 -g -pipe -Wall -Wp,-D_FORTIFY_SOURCE=2 -fexceptions -fstack-protector --param=ssp-buffer-size=4 -m32 -march=i386 -mtune=generic -fasynchronous-unwind-tables -D_GNU_SOURCE -fPIC conftest.c >&5
configure:3853: $? = 0
configure:3869: result: yes
configure:3826: checking for stdlib.h
configure:3847: gcc -std=gnu99 -c   -I/usr/include/python2.5 -I/usr/include/python2.5 -fno-strict-aliasing -DNDEBUG -O2 -g -pipe -Wall -Wp,-D_FORTIFY_SOURCE=2 -fexceptions -fstack-protector --param=ssp-buffer-size=4 -m32 -march=i386 -mtune=generic -fasynchronous-unwind-tables -D_GNU_SOURCE -fPIC conftest.c >&5
configure:3853: $? = 0
configure:3869: result: yes
configure:3826: checking for string.h
configure:3847: gcc -std=gnu99 -c   -I/usr/include/python2.5 -I/usr/include/python2.5 -fno-strict-aliasing -DNDEBUG -O2 -g -pipe -Wall -Wp,-D_FORTIFY_SOURCE=2 -fexceptions -fstack-protector --param=ssp-buffer-size=4 -m32 -march=i386 -mtune=generic -fasynchronous-unwind-tables -D_GNU_SOURCE -fPIC conftest.c >&5
configure:3853: $? = 0
configure:3869: result: yes
configure:3826: checking for memory.h
configure:3847: gcc -std=gnu99 -c   -I/usr/include/python2.5 -I/usr/include/python2.5 -fno-strict-aliasing -DNDEBUG -O2 -g -pipe -Wall -Wp,-D_FORTIFY_SOURCE=2 -fexceptions -fstack-protector --param=ssp-buffer-size=4 -m32 -march=i386 -mtune=generic -fasynchronous-unwind-tables -D_GNU_SOURCE -fPIC conftest.c >&5
configure:3853: $? = 0
configure:3869: result: yes
configure:3826: checking for strings.h
configure:3847: gcc -std=gnu99 -c   -I/usr/include/python2.5 -I/usr/include/python2.5 -fno-strict-aliasing -DNDEBUG -O2 -g -pipe -Wall -Wp,-D_FORTIFY_SOURCE=2 -fexceptions -fstack-protector --param=ssp-buffer-size=4 -m32 -march=i386 -mtune=generic -fasynchronous-unwind-tables -D_GNU_SOURCE -fPIC conftest.c >&5
configure:3853: $? = 0
configure:3869: result: yes
configure:3826: checking for inttypes.h
configure:3847: gcc -std=gnu99 -c   -I/usr/include/python2.5 -I/usr/include/python2.5 -fno-strict-aliasing -DNDEBUG -O2 -g -pipe -Wall -Wp,-D_FORTIFY_SOURCE=2 -fexceptions -fstack-protector --param=ssp-buffer-size=4 -m32 -march=i386 -mtune=generic -fasynchronous-unwind-tables -D_GNU_SOURCE -fPIC conftest.c >&5
configure:3853: $? = 0
configure:3869: result: yes
configure:3826: checking for stdint.h
configure:3847: gcc -std=gnu99 -c   -I/usr/include/python2.5 -I/usr/include/python2.5 -fno-strict-aliasing -DNDEBUG -O2 -g -pipe -Wall -Wp,-D_FORTIFY_SOURCE=2 -fexceptions -fstack-protector --param=ssp-buffer-size=4 -m32 -march=i386 -mtune=generic -fasynchronous-unwind-tables -D_GNU_SOURCE -fPIC conftest.c >&5
configure:3853: $? = 0
configure:3869: result: yes
configure:3826: checking for unistd.h
configure:3847: gcc -std=gnu99 -c   -I/usr/include/python2.5 -I/usr/include/python2.5 -fno-strict-aliasing -DNDEBUG -O2 -g -pipe -Wall -Wp,-D_FORTIFY_SOURCE=2 -fexceptions -fstack-protector --param=ssp-buffer-size=4 -m32 -march=i386 -mtune=generic -fasynchronous-unwind-tables -D_GNU_SOURCE -fPIC conftest.c >&5
configure:3853: $? = 0
configure:3869: result: yes
configure:3886: checking for sys/types.h
configure:3892: result: yes
configure:4039: checking for Py_SetProgramName
configure:4095: gcc -std=gnu99 -o conftest   -I/usr/include/python2.5 -I/usr/include/python2.5 -fno-strict-aliasing -DNDEBUG -O2 -g -pipe -Wall -Wp,-D_FORTIFY_SOURCE=2 -fexceptions -fstack-protector --param=ssp-buffer-size=4 -m32 -march=i386 -mtune=generic -fasynchronous-unwind-tables -D_GNU_SOURCE -fPIC  -lpthread -ldl -lutil -lm -lpython2.5 conftest.c  -lpthread -ldl -lutil -lm -lpython2.5 >&5
configure:4101: $? = 0
configure:4119: result: yes
configure:4039: checking for Py_Initialize
configure:4095: gcc -std=gnu99 -o conftest   -I/usr/include/python2.5 -I/usr/include/python2.5 -fno-strict-aliasing -DNDEBUG -O2 -g -pipe -Wall -Wp,-D_FORTIFY_SOURCE=2 -fexceptions -fstack-protector --param=ssp-buffer-size=4 -m32 -march=i386 -mtune=generic -fasynchronous-unwind-tables -D_GNU_SOURCE -fPIC  -lpthread -ldl -lutil -lm -lpython2.5 conftest.c  -lpthread -ldl -lutil -lm -lpython2.5 >&5
configure:4101: $? = 0
configure:4119: result: yes
configure:4039: checking for PySys_SetArgv
configure:4095: gcc -std=gnu99 -o conftest   -I/usr/include/python2.5 -I/usr/include/python2.5 -fno-strict-aliasing -DNDEBUG -O2 -g -pipe -Wall -Wp,-D_FORTIFY_SOURCE=2 -fexceptions -fstack-protector --param=ssp-buffer-size=4 -m32 -march=i386 -mtune=generic -fasynchronous-unwind-tables -D_GNU_SOURCE -fPIC  -lpthread -ldl -lutil -lm -lpython2.5 conftest.c  -lpthread -ldl -lutil -lm -lpython2.5 >&5
configure:4101: $? = 0
configure:4119: result: yes
configure:4039: checking for PyRun_SimpleString
configure:4095: gcc -std=gnu99 -o conftest   -I/usr/include/python2.5 -I/usr/include/python2.5 -fno-strict-aliasing -DNDEBUG -O2 -g -pipe -Wall -Wp,-D_FORTIFY_SOURCE=2 -fexceptions -fstack-protector --param=ssp-buffer-size=4 -m32 -march=i386 -mtune=generic -fasynchronous-unwind-tables -D_GNU_SOURCE -fPIC  -lpthread -ldl -lutil -lm -lpython2.5 conftest.c  -lpthread -ldl -lutil -lm -lpython2.5 >&5
configure:4101: $? = 0
configure:4119: result: yes
configure:4039: checking for Py_Exit
configure:4095: gcc -std=gnu99 -o conftest   -I/usr/include/python2.5 -I/usr/include/python2.5 -fno-strict-aliasing -DNDEBUG -O2 -g -pipe -Wall -Wp,-D_FORTIFY_SOURCE=2 -fexceptions -fstack-protector --param=ssp-buffer-size=4 -m32 -march=i386 -mtune=generic -fasynchronous-unwind-tables -D_GNU_SOURCE -fPIC  -lpthread -ldl -lutil -lm -lpython2.5 conftest.c  -lpthread -ldl -lutil -lm -lpython2.5 >&5
configure:4101: $? = 0
configure:4119: result: yes
configure:4130: checking for Python Libraries
configure:4156: gcc -std=gnu99 -c   -I/usr/include/python2.5 -I/usr/include/python2.5 -fno-strict-aliasing -DNDEBUG -O2 -g -pipe -Wall -Wp,-D_FORTIFY_SOURCE=2 -fexceptions -fstack-protector --param=ssp-buffer-size=4 -m32 -march=i386 -mtune=generic -fasynchronous-unwind-tables -D_GNU_SOURCE -fPIC conftest.c >&5
configure:4162: $? = 0
configure:4177: result: yes
configure:4422: creating ./config.status

## ---------------------- ##
## Running config.status. ##
## ---------------------- ##

This file was extended by rpy config.status 0.1, which was
generated by GNU Autoconf 2.61.  Invocation command line was

  CONFIG_FILES    = 
  CONFIG_HEADERS  = 
  CONFIG_LINKS    = 
  CONFIG_COMMANDS = 
  $ ./config.status 

on bigbox

config.status:597: creating extconf.rb
config.status:597: creating rpy_config.h
config.status:820: rpy_config.h is unchanged

## ---------------- ##
## Cache variables. ##
## ---------------- ##

ac_cv_c_compiler_gnu=yes
ac_cv_env_CC_set=
ac_cv_env_CC_value=
ac_cv_env_CFLAGS_set=
ac_cv_env_CFLAGS_value=
ac_cv_env_CPPFLAGS_set=
ac_cv_env_CPPFLAGS_value=
ac_cv_env_CPP_set=
ac_cv_env_CPP_value=
ac_cv_env_LDFLAGS_set=
ac_cv_env_LDFLAGS_value=
ac_cv_env_LIBS_set=
ac_cv_env_LIBS_value=
ac_cv_env_build_alias_set=
ac_cv_env_build_alias_value=
ac_cv_env_host_alias_set=
ac_cv_env_host_alias_value=
ac_cv_env_target_alias_set=
ac_cv_env_target_alias_value=
ac_cv_func_PyRun_SimpleString=yes
ac_cv_func_PySys_SetArgv=yes
ac_cv_func_Py_Exit=yes
ac_cv_func_Py_Initialize=yes
ac_cv_func_Py_SetProgramName=yes
ac_cv_func_snprintf=yes
ac_cv_header_inttypes_h=yes
ac_cv_header_memory_h=yes
ac_cv_header_stdc=yes
ac_cv_header_stdint_h=yes
ac_cv_header_stdlib_h=yes
ac_cv_header_string_h=yes
ac_cv_header_strings_h=yes
ac_cv_header_sys_stat_h=yes
ac_cv_header_sys_types_h=yes
ac_cv_header_unistd_h=yes
ac_cv_objext=o
ac_cv_path_EGREP='/bin/grep -E'
ac_cv_path_GREP=/bin/grep
ac_cv_path_PYTHON=/usr/bin/python
ac_cv_path_PYTHON_CONFIG=/usr/bin/python-config
ac_cv_path_RUBY=/usr/bin/ruby
ac_cv_prog_CPP='gcc -std=gnu99 -E'
ac_cv_prog_ac_ct_CC=gcc
ac_cv_prog_cc_c89=
ac_cv_prog_cc_c99=-std=gnu99
ac_cv_prog_cc_g=yes
ac_cv_prog_cc_stdc=-std=gnu99
rm_cv_python=yes

## ----------------- ##
## Output variables. ##
## ----------------- ##

CC='gcc -std=gnu99'
CFLAGS=''
CPP='gcc -std=gnu99 -E'
CPPFLAGS=' -I/usr/include/python2.5 -I/usr/include/python2.5 -fno-strict-aliasing -DNDEBUG -O2 -g -pipe -Wall -Wp,-D_FORTIFY_SOURCE=2 -fexceptions -fstack-protector --param=ssp-buffer-size=4 -m32 -march=i386 -mtune=generic -fasynchronous-unwind-tables -D_GNU_SOURCE -fPIC'
DEFS='-DHAVE_CONFIG_H'
ECHO_C=''
ECHO_N='-n'
ECHO_T=''
EGREP='/bin/grep -E'
EXEEXT=''
GREP='/bin/grep'
LDFLAGS=' -lpthread -ldl -lutil -lm -lpython2.5'
LIBOBJS=''
LIBS=' -lpthread -ldl -lutil -lm -lpython2.5'
LOCAL_LIBS='-lpthread -ldl -lutil -lm -lpython2.5'
LTLIBOBJS=''
OBJEXT='o'
PACKAGE_BUGREPORT='todd.fisher@gmail.com'
PACKAGE_NAME='rpy'
PACKAGE_STRING='rpy 0.1'
PACKAGE_TARNAME='rpy.0.1.tar.gz'
PACKAGE_VERSION='0.1'
PATH_SEPARATOR=':'
PYTHON='/usr/bin/python'
PYTHONLIB='-lpthread -ldl -lutil -lm -lpython2.5'
PYTHON_CONFIG='/usr/bin/python-config'
RUBY='/usr/bin/ruby'
RUBY_CONFIG_OPTS=' --data-dir=${prefix}/share'
SHELL='/bin/sh'
ac_ct_CC='gcc'
bindir='${exec_prefix}/bin'
build_alias=''
datadir='${datarootdir}'
datarootdir='${prefix}/share'
docdir='${datarootdir}/doc/${PACKAGE_TARNAME}'
dvidir='${docdir}'
exec_prefix='${prefix}'
host_alias=''
htmldir='${docdir}'
includedir='${prefix}/include'
infodir='${datarootdir}/info'
libdir='${exec_prefix}/lib'
libexecdir='${exec_prefix}/libexec'
localedir='${datarootdir}/locale'
localstatedir='${prefix}/var'
mandir='${datarootdir}/man'
oldincludedir='/usr/include'
pdfdir='${docdir}'
prefix='/usr/local'
program_transform_name='s,x,x,'
psdir='${docdir}'
sbindir='${exec_prefix}/sbin'
sharedstatedir='${prefix}/com'
sysconfdir='${prefix}/etc'
target_alias=''

## ----------- ##
## confdefs.h. ##
## ----------- ##

#define PACKAGE_NAME "rpy"
#define PACKAGE_TARNAME "rpy.0.1.tar.gz"
#define PACKAGE_VERSION "0.1"
#define PACKAGE_STRING "rpy 0.1"
#define PACKAGE_BUGREPORT "todd.fisher@gmail.com"
#define HAVE_SNPRINTF 1
#define STDC_HEADERS 1
#define HAVE_SYS_TYPES_H 1
#define HAVE_SYS_STAT_H 1
#define HAVE_STDLIB_H 1
#define HAVE_STRING_H 1
#define HAVE_MEMORY_H 1
#define HAVE_STRINGS_H 1
#define HAVE_INTTYPES_H 1
#define HAVE_STDINT_H 1
#define HAVE_UNISTD_H 1
#define HAVE_SYS_TYPES_H 1
#define HAVE_PY_SETPROGRAMNAME 1
#define HAVE_PY_INITIALIZE 1
#define HAVE_PYSYS_SETARGV 1
#define HAVE_PYRUN_SIMPLESTRING 1
#define HAVE_PY_EXIT 1
#define HAVE_RUNNABLE_PYTHON 1
#define RUBY_VERSION_STRING "ruby 1.8.6 (2007-09-24 patchlevel 111) [i386-linux]"
#define PYTHON_VERSION_STRING "Python 2.5.1"

configure: exit 0
